<?xml version="1.0" encoding="UTF-8"?>
<testng-results skipped="0" failed="0" total="1" passed="1">
  <reporter-output>
  </reporter-output>
  <suite name="Default suite" duration-ms="2858" started-at="2019-03-25T22:50:00Z" finished-at="2019-03-25T22:50:03Z">
    <groups>
    </groups>
    <test name="Default test" duration-ms="2858" started-at="2019-03-25T22:50:00Z" finished-at="2019-03-25T22:50:03Z">
      <class name="com.getRequest.PostData">
        <test-method status="PASS" signature="test1()[pri:0, instance:com.getRequest.PostData@2669b199]" name="test1" duration-ms="2842" started-at="2019-03-25T17:50:00Z" finished-at="2019-03-25T17:50:03Z">
          <reporter-output>
          </reporter-output>
        </test-method> <!-- test1 -->
      </class> <!-- com.getRequest.PostData -->
    </test> <!-- Default test -->
  </suite> <!-- Default suite -->
</testng-results>
